<?xml version="1.0" encoding="UTF-8" ?>
<testsuite failures="0" time="0.024" errors="0" skipped="0" tests="1" name="org.overturetool.vdmtools.dbgp.AppTest">
  <properties>
    <property name="java.vendor" value="Sun Microsystems Inc."/>
    <property name="env.SESSION_MANAGER" value="local/keddeDesktopPingvin:/tmp/.ICE-unix/3486"/>
    <property name="localRepository" value="/home/kedde/.m2/repository"/>
    <property name="sun.java.launcher" value="SUN_STANDARD"/>
    <property name="sun.management.compiler" value="HotSpot 64-Bit Server Compiler"/>
    <property name="os.name" value="Linux"/>
    <property name="sun.boot.class.path" value="/usr/lib/jvm/java-6-openjdk/jre/lib/resources.jar:/usr/lib/jvm/java-6-openjdk/jre/lib/rt.jar:/usr/lib/jvm/java-6-openjdk/jre/lib/sunrsasign.jar:/usr/lib/jvm/java-6-openjdk/jre/lib/jsse.jar:/usr/lib/jvm/java-6-openjdk/jre/lib/jce.jar:/usr/lib/jvm/java-6-openjdk/jre/lib/charsets.jar:/usr/lib/jvm/java-6-openjdk/jre/lib/rhino.jar:/usr/lib/jvm/java-6-openjdk/jre/classes"/>
    <property name="env.PWD" value="/home/kedde"/>
    <property name="env.XDG_SESSION_COOKIE" value="6bc3e82686f2a06cd868f9a849da4b5c-1241336116.891400-1494688704"/>
    <property name="sun.desktop" value="gnome"/>
    <property name="env.LANG" value="da_DK.UTF-8"/>
    <property name="java.vm.specification.vendor" value="Sun Microsystems Inc."/>
    <property name="java.runtime.version" value="1.6.0_0-b14"/>
    <property name="env.DISPLAY" value=":0.0"/>
    <property name="user.name" value="kedde"/>
    <property name="env.USER" value="kedde"/>
    <property name="env.SHELL" value="/bin/bash"/>
    <property name="env.MOZILLA_FIVE_HOME" value="/usr/lib64/xulrunner-addons"/>
    <property name="env.DESKTOP_SESSION" value="default"/>
    <property name="env.XDG_DATA_DIRS" value="/usr/local/share/:/usr/share/:/usr/share/gdm/"/>
    <property name="env.NLSPATH" value="/usr/dt/lib/nls/msg/%L/%N.cat"/>
    <property name="env.PATH" value="/usr/local/sbin:/usr/local/bin:/usr/sbin:/usr/bin:/sbin:/bin:/usr/games"/>
    <property name="user.language" value="da"/>
    <property name="sun.boot.library.path" value="/usr/lib/jvm/java-6-openjdk/jre/lib/amd64"/>
    <property name="classworlds.conf" value="/home/kedde/Overture/overture/trunk/.metadata/.plugins/org.maven.ide.eclipse/launches/m2conf2735608522673821082.tmp"/>
    <property name="java.version" value="1.6.0_0"/>
    <property name="user.timezone" value=""/>
    <property name="env.DBUS_SESSION_BUS_ADDRESS" value="unix:abstract=/tmp/dbus-3VQb6pg1uo,guid=676927c9b73339bb784c802b49fd4935"/>
    <property name="sun.arch.data.model" value="64"/>
    <property name="env.SSH_AGENT_PID" value="3553"/>
    <property name="user.zoneinfo.dir" value="/usr/share/javazi"/>
    <property name="java.endorsed.dirs" value="/usr/lib/jvm/java-6-openjdk/jre/lib/endorsed"/>
    <property name="sun.cpu.isalist" value=""/>
    <property name="sun.jnu.encoding" value="UTF-8"/>
    <property name="file.encoding.pkg" value="sun.io"/>
    <property name="file.separator" value="/"/>
    <property name="java.specification.name" value="Java Platform API Specification"/>
    <property name="env.GNOME_DESKTOP_SESSION_ID" value="this-is-deprecated"/>
    <property name="java.class.version" value="50.0"/>
    <property name="env.GDMSESSION" value="default"/>
    <property name="user.country" value="DK"/>
    <property name="env.GNOME_KEYRING_PID" value="3473"/>
    <property name="java.home" value="/usr/lib/jvm/java-6-openjdk/jre"/>
    <property name="java.vm.info" value="mixed mode"/>
    <property name="env.LOGNAME" value="kedde"/>
    <property name="os.version" value="2.6.28-11-generic"/>
    <property name="path.separator" value=":"/>
    <property name="java.vm.version" value="14.0-b08"/>
    <property name="java.awt.printerjob" value="sun.print.PSPrinterJob"/>
    <property name="env.WINDOWPATH" value="7"/>
    <property name="sun.io.unicode.encoding" value="UnicodeLittle"/>
    <property name="env.LIBGL_DRIVERS_PATH" value="/usr/lib/dri:/usr/lib32/dri"/>
    <property name="env.GDM_LANG" value="da_DK.UTF-8"/>
    <property name="user.home" value="/home/kedde"/>
    <property name="java.specification.vendor" value="Sun Microsystems Inc."/>
    <property name="java.library.path" value="/usr/lib/jvm/java-6-openjdk/jre/lib/amd64/server:/usr/lib/jvm/java-6-openjdk/jre/lib/amd64:/usr/lib/jvm/java-6-openjdk/jre/../lib/amd64:/usr/lib64/xulrunner-addons:/usr/java/packages/lib/amd64:/usr/lib64:/lib64:/lib:/usr/lib"/>
    <property name="java.vendor.url" value="http://java.sun.com/"/>
    <property name="env.GDM_XSERVER_LOCATION" value="local"/>
    <property name="java.vm.vendor" value="Sun Microsystems Inc."/>
    <property name="maven.home" value="EMBEDDED"/>
    <property name="java.runtime.name" value="OpenJDK Runtime Environment"/>
    <property name="java.class.path" value="/home/kedde/Overture/eclipse/plugins/org.maven.ide.components.maven_embedder_2.1.0.20080530-2300/jars/plexus-classworlds-1.2-alpha-12.jar"/>
    <property name="env.XFILESEARCHPATH" value="/usr/dt/app-defaults/%L/Dt"/>
    <property name="java.vm.specification.name" value="Java Virtual Machine Specification"/>
    <property name="java.vm.specification.version" value="1.0"/>
    <property name="m2eclipse.workspace.state" value="/home/kedde/Overture/overture/trunk/.metadata/.plugins/org.maven.ide.eclipse/workspacestate.properties"/>
    <property name="sun.cpu.endian" value="little"/>
    <property name="env.GTK_RC_FILES" value="/etc/gtk/gtkrc:/home/kedde/.gtkrc-1.2-gnome2"/>
    <property name="sun.os.patch.level" value="unknown"/>
    <property name="env.HOME" value="/home/kedde"/>
    <property name="surefire.test.class.path" value="/home/kedde/Overture/overture/trunk/core/vdmtools/dbgp/abstractdbgp/target/test-classes:/home/kedde/Overture/overture/trunk/core/vdmtools/dbgp/abstractdbgp/target/classes:/home/kedde/.m2/repository/junit/junit/3.8.1/junit-3.8.1.jar:"/>
    <property name="java.io.tmpdir" value="/tmp"/>
    <property name="env.LD_LIBRARY_PATH" value="/usr/lib/jvm/java-6-openjdk/jre/lib/amd64/server:/usr/lib/jvm/java-6-openjdk/jre/lib/amd64:/usr/lib/jvm/java-6-openjdk/jre/../lib/amd64:/usr/lib64/xulrunner-addons"/>
    <property name="java.vendor.url.bug" value="http://java.sun.com/cgi-bin/bugreport.cgi"/>
    <property name="env.SSH_AUTH_SOCK" value="/tmp/keyring-RUnBl1/socket.ssh"/>
    <property name="java.awt.graphicsenv" value="sun.awt.X11GraphicsEnvironment"/>
    <property name="os.arch" value="amd64"/>
    <property name="java.ext.dirs" value="/usr/lib/jvm/java-6-openjdk/jre/lib/ext:/usr/java/packages/lib/ext"/>
    <property name="user.dir" value="/home/kedde/Overture/overture/trunk/core/vdmtools/dbgp/abstractdbgp"/>
    <property name="env.XAUTHORITY" value="/home/kedde/.Xauthority"/>
    <property name="env.GTK_MODULES" value="canberra-gtk-module"/>
    <property name="line.separator" value="
"/>
    <property name="java.vm.name" value="OpenJDK 64-Bit Server VM"/>
    <property name="basedir" value="/home/kedde/Overture/overture/trunk/core/vdmtools/dbgp/abstractdbgp"/>
    <property name="maven.mode.standalone" value="true"/>
    <property name="env.ORBIT_SOCKETDIR" value="/tmp/orbit-kedde"/>
    <property name="env.USERNAME" value="kedde"/>
    <property name="file.encoding" value="UTF-8"/>
    <property name="env.GNOME_KEYRING_SOCKET" value="/tmp/keyring-RUnBl1/socket"/>
    <property name="env.GPG_AGENT_INFO" value="/tmp/gpg-T4iXqO/S.gpg-agent:3554:1"/>
    <property name="java.specification.version" value="1.6"/>
  </properties>
  <testcase time="0.002" classname="org.overturetool.vdmtools.dbgp.AppTest" name="testApp"/>
</testsuite>